2025-07-14 18:07:16,516 INFO  Logger.cs: 70 - 
--------------------------------------------------------------------------------
2025-07-14 18:07:16,593 INFO  Logger.cs: 71 - Logging commencing for SW2URDF exporter
2025-07-14 18:07:16,595 INFO  Logger.cs: 73 - Commit version 1.6.0-4-g7f85cfe
2025-07-14 18:07:16,596 INFO  Logger.cs: 74 - Build version 1.6.7995.38578
2025-07-14 18:07:16,608 INFO  SwAddin.cs: 192 - Attempting to connect to SW
2025-07-14 18:07:16,609 INFO  SwAddin.cs: 197 - Setting up callbacks
2025-07-14 18:07:16,613 INFO  SwAddin.cs: 201 - Setting up command manager
2025-07-14 18:07:16,614 INFO  SwAddin.cs: 204 - Adding command manager
2025-07-14 18:07:16,628 INFO  SwAddin.cs: 263 - Adding Assembly export to file menu
2025-07-14 18:07:16,629 INFO  SwAddin.cs: 272 - Adding Part export to file menu
2025-07-14 18:07:16,630 INFO  SwAddin.cs: 210 - Adding event handlers
2025-07-14 18:07:17,038 INFO  SwAddin.cs: 217 - Connecting plugin to SolidWorks
2025-07-14 18:07:58,055 INFO  SwAddin.cs: 294 - Assembly export called for file ??? v1.SLDASM
2025-07-14 18:07:58,058 INFO  SwAddin.cs: 299 - Save is required
2025-07-14 18:07:58,059 INFO  SwAddin.cs: 313 - Saving assembly
2025-07-14 18:07:59,705 INFO  SwAddin.cs: 316 - Opening property manager
2025-07-14 18:07:59,758 INFO  ExportHelperExtension.cs: 1125 - Retrieving features of type [CoordSys] from ??? v1.SLDASM
2025-07-14 18:07:59,894 INFO  ExportHelperExtension.cs: 1136 - Found 28 in ??? v1.SLDASM
2025-07-14 18:07:59,896 INFO  ExportHelperExtension.cs: 1145 - Found 0 features of type [CoordSys] in ??? v1.SLDASM
2025-07-14 18:07:59,898 INFO  ExportHelperExtension.cs: 1148 - Proceeding through assembly components
2025-07-14 18:07:59,905 INFO  ExportHelperExtension.cs: 1160 - 6 components to check
2025-07-14 18:07:59,909 INFO  ExportHelperExtension.cs: 1125 - Retrieving features of type [CoordSys] from 3.7V???-1
2025-07-14 18:07:59,911 INFO  ExportHelperExtension.cs: 1136 - Found 24 in 3.7V???-1
2025-07-14 18:07:59,913 INFO  ExportHelperExtension.cs: 1145 - Found 0 features of type [CoordSys] in 3.7V???-1
2025-07-14 18:07:59,915 INFO  ExportHelperExtension.cs: 1125 - Retrieving features of type [CoordSys] from class_cubli_V2.7.13-1
2025-07-14 18:07:59,916 INFO  ExportHelperExtension.cs: 1136 - Found 31 in class_cubli_V2.7.13-1
2025-07-14 18:07:59,917 INFO  ExportHelperExtension.cs: 1145 - Found 0 features of type [CoordSys] in class_cubli_V2.7.13-1
2025-07-14 18:07:59,920 INFO  ExportHelperExtension.cs: 1125 - Retrieving features of type [CoordSys] from ??01-NIDEC+61mm??-1
2025-07-14 18:07:59,921 INFO  ExportHelperExtension.cs: 1136 - Found 25 in ??01-NIDEC+61mm??-1
2025-07-14 18:07:59,923 INFO  ExportHelperExtension.cs: 1145 - Found 0 features of type [CoordSys] in ??01-NIDEC+61mm??-1
2025-07-14 18:07:59,924 INFO  ExportHelperExtension.cs: 1125 - Retrieving features of type [CoordSys] from ????-1
2025-07-14 18:07:59,926 INFO  ExportHelperExtension.cs: 1136 - Found 24 in ????-1
2025-07-14 18:07:59,927 INFO  ExportHelperExtension.cs: 1145 - Found 0 features of type [CoordSys] in ????-1
2025-07-14 18:07:59,928 INFO  ExportHelperExtension.cs: 1125 - Retrieving features of type [CoordSys] from ????-1
2025-07-14 18:07:59,930 INFO  ExportHelperExtension.cs: 1136 - Found 24 in ????-1
2025-07-14 18:07:59,931 INFO  ExportHelperExtension.cs: 1145 - Found 0 features of type [CoordSys] in ????-1
2025-07-14 18:07:59,933 INFO  ExportHelperExtension.cs: 1125 - Retrieving features of type [CoordSys] from ????-1
2025-07-14 18:07:59,934 INFO  ExportHelperExtension.cs: 1136 - Found 24 in ????-1
2025-07-14 18:07:59,937 INFO  ExportHelperExtension.cs: 1145 - Found 0 features of type [CoordSys] in ????-1
2025-07-14 18:07:59,939 INFO  ExportHelperExtension.cs: 1125 - Retrieving features of type [RefAxis] from ??? v1.SLDASM
2025-07-14 18:07:59,941 INFO  ExportHelperExtension.cs: 1136 - Found 28 in ??? v1.SLDASM
2025-07-14 18:07:59,943 INFO  ExportHelperExtension.cs: 1145 - Found 0 features of type [RefAxis] in ??? v1.SLDASM
2025-07-14 18:07:59,945 INFO  ExportHelperExtension.cs: 1148 - Proceeding through assembly components
2025-07-14 18:07:59,946 INFO  ExportHelperExtension.cs: 1160 - 6 components to check
2025-07-14 18:07:59,947 INFO  ExportHelperExtension.cs: 1125 - Retrieving features of type [RefAxis] from 3.7V???-1
2025-07-14 18:07:59,949 INFO  ExportHelperExtension.cs: 1136 - Found 24 in 3.7V???-1
2025-07-14 18:07:59,950 INFO  ExportHelperExtension.cs: 1145 - Found 0 features of type [RefAxis] in 3.7V???-1
2025-07-14 18:07:59,952 INFO  ExportHelperExtension.cs: 1125 - Retrieving features of type [RefAxis] from class_cubli_V2.7.13-1
2025-07-14 18:07:59,954 INFO  ExportHelperExtension.cs: 1136 - Found 31 in class_cubli_V2.7.13-1
2025-07-14 18:07:59,956 INFO  ExportHelperExtension.cs: 1145 - Found 0 features of type [RefAxis] in class_cubli_V2.7.13-1
2025-07-14 18:07:59,959 INFO  ExportHelperExtension.cs: 1125 - Retrieving features of type [RefAxis] from ??01-NIDEC+61mm??-1
2025-07-14 18:07:59,960 INFO  ExportHelperExtension.cs: 1136 - Found 25 in ??01-NIDEC+61mm??-1
2025-07-14 18:07:59,962 INFO  ExportHelperExtension.cs: 1145 - Found 0 features of type [RefAxis] in ??01-NIDEC+61mm??-1
2025-07-14 18:07:59,964 INFO  ExportHelperExtension.cs: 1125 - Retrieving features of type [RefAxis] from ????-1
2025-07-14 18:07:59,965 INFO  ExportHelperExtension.cs: 1136 - Found 24 in ????-1
2025-07-14 18:07:59,967 INFO  ExportHelperExtension.cs: 1145 - Found 0 features of type [RefAxis] in ????-1
2025-07-14 18:07:59,968 INFO  ExportHelperExtension.cs: 1125 - Retrieving features of type [RefAxis] from ????-1
2025-07-14 18:07:59,969 INFO  ExportHelperExtension.cs: 1136 - Found 24 in ????-1
2025-07-14 18:07:59,970 INFO  ExportHelperExtension.cs: 1145 - Found 0 features of type [RefAxis] in ????-1
2025-07-14 18:07:59,972 INFO  ExportHelperExtension.cs: 1125 - Retrieving features of type [RefAxis] from ????-1
2025-07-14 18:07:59,973 INFO  ExportHelperExtension.cs: 1136 - Found 24 in ????-1
2025-07-14 18:07:59,974 INFO  ExportHelperExtension.cs: 1145 - Found 0 features of type [RefAxis] in ????-1
2025-07-14 18:08:00,665 INFO  SwAddin.cs: 339 - Loading config tree
2025-07-14 18:08:00,672 INFO  ExportPropertyManagerExtension.cs: 520 - Starting new configuration
2025-07-14 18:08:00,686 INFO  SwAddin.cs: 344 - Showing property manager
2025-07-14 18:08:55,712 INFO  ExportPropertyManager.cs: 422 - Configuration saved
2025-07-14 18:08:56,134 INFO  ExportPropertyManager.cs: 1142 - AfterClose called. This method no longer throws an Exception. It just silently does nothing. Ok, except for this logging message
2025-07-14 18:09:04,487 INFO  SwAddin.cs: 294 - Assembly export called for file ??? v1.SLDASM
2025-07-14 18:09:04,488 INFO  SwAddin.cs: 299 - Save is required
2025-07-14 18:09:04,489 INFO  SwAddin.cs: 313 - Saving assembly
2025-07-14 18:09:05,613 INFO  SwAddin.cs: 316 - Opening property manager
2025-07-14 18:09:05,615 INFO  ExportHelperExtension.cs: 1125 - Retrieving features of type [CoordSys] from ??? v1.SLDASM
2025-07-14 18:09:05,617 INFO  ExportHelperExtension.cs: 1136 - Found 28 in ??? v1.SLDASM
2025-07-14 18:09:05,618 INFO  ExportHelperExtension.cs: 1145 - Found 0 features of type [CoordSys] in ??? v1.SLDASM
2025-07-14 18:09:05,619 INFO  ExportHelperExtension.cs: 1148 - Proceeding through assembly components
2025-07-14 18:09:05,620 INFO  ExportHelperExtension.cs: 1160 - 6 components to check
2025-07-14 18:09:05,621 INFO  ExportHelperExtension.cs: 1125 - Retrieving features of type [CoordSys] from 3.7V???-1
2025-07-14 18:09:05,622 INFO  ExportHelperExtension.cs: 1136 - Found 24 in 3.7V???-1
2025-07-14 18:09:05,624 INFO  ExportHelperExtension.cs: 1145 - Found 0 features of type [CoordSys] in 3.7V???-1
2025-07-14 18:09:05,625 INFO  ExportHelperExtension.cs: 1125 - Retrieving features of type [CoordSys] from class_cubli_V2.7.13-1
2025-07-14 18:09:05,626 INFO  ExportHelperExtension.cs: 1136 - Found 31 in class_cubli_V2.7.13-1
2025-07-14 18:09:05,627 INFO  ExportHelperExtension.cs: 1145 - Found 0 features of type [CoordSys] in class_cubli_V2.7.13-1
2025-07-14 18:09:05,630 INFO  ExportHelperExtension.cs: 1125 - Retrieving features of type [CoordSys] from ??01-NIDEC+61mm??-1
2025-07-14 18:09:05,632 INFO  ExportHelperExtension.cs: 1136 - Found 25 in ??01-NIDEC+61mm??-1
2025-07-14 18:09:05,634 INFO  ExportHelperExtension.cs: 1145 - Found 0 features of type [CoordSys] in ??01-NIDEC+61mm??-1
2025-07-14 18:09:05,636 INFO  ExportHelperExtension.cs: 1125 - Retrieving features of type [CoordSys] from ????-1
2025-07-14 18:09:05,639 INFO  ExportHelperExtension.cs: 1136 - Found 24 in ????-1
2025-07-14 18:09:05,641 INFO  ExportHelperExtension.cs: 1145 - Found 0 features of type [CoordSys] in ????-1
2025-07-14 18:09:05,642 INFO  ExportHelperExtension.cs: 1125 - Retrieving features of type [CoordSys] from ????-1
2025-07-14 18:09:05,644 INFO  ExportHelperExtension.cs: 1136 - Found 24 in ????-1
2025-07-14 18:09:05,646 INFO  ExportHelperExtension.cs: 1145 - Found 0 features of type [CoordSys] in ????-1
2025-07-14 18:09:05,648 INFO  ExportHelperExtension.cs: 1125 - Retrieving features of type [CoordSys] from ????-1
2025-07-14 18:09:05,650 INFO  ExportHelperExtension.cs: 1136 - Found 24 in ????-1
2025-07-14 18:09:05,653 INFO  ExportHelperExtension.cs: 1145 - Found 0 features of type [CoordSys] in ????-1
2025-07-14 18:09:05,655 INFO  ExportHelperExtension.cs: 1125 - Retrieving features of type [RefAxis] from ??? v1.SLDASM
2025-07-14 18:09:05,657 INFO  ExportHelperExtension.cs: 1136 - Found 28 in ??? v1.SLDASM
2025-07-14 18:09:05,660 INFO  ExportHelperExtension.cs: 1145 - Found 0 features of type [RefAxis] in ??? v1.SLDASM
2025-07-14 18:09:05,662 INFO  ExportHelperExtension.cs: 1148 - Proceeding through assembly components
2025-07-14 18:09:05,663 INFO  ExportHelperExtension.cs: 1160 - 6 components to check
2025-07-14 18:09:05,665 INFO  ExportHelperExtension.cs: 1125 - Retrieving features of type [RefAxis] from 3.7V???-1
2025-07-14 18:09:05,667 INFO  ExportHelperExtension.cs: 1136 - Found 24 in 3.7V???-1
2025-07-14 18:09:05,669 INFO  ExportHelperExtension.cs: 1145 - Found 0 features of type [RefAxis] in 3.7V???-1
2025-07-14 18:09:05,670 INFO  ExportHelperExtension.cs: 1125 - Retrieving features of type [RefAxis] from class_cubli_V2.7.13-1
2025-07-14 18:09:05,672 INFO  ExportHelperExtension.cs: 1136 - Found 31 in class_cubli_V2.7.13-1
2025-07-14 18:09:05,674 INFO  ExportHelperExtension.cs: 1145 - Found 0 features of type [RefAxis] in class_cubli_V2.7.13-1
2025-07-14 18:09:05,676 INFO  ExportHelperExtension.cs: 1125 - Retrieving features of type [RefAxis] from ??01-NIDEC+61mm??-1
2025-07-14 18:09:05,679 INFO  ExportHelperExtension.cs: 1136 - Found 25 in ??01-NIDEC+61mm??-1
2025-07-14 18:09:05,681 INFO  ExportHelperExtension.cs: 1145 - Found 0 features of type [RefAxis] in ??01-NIDEC+61mm??-1
2025-07-14 18:09:05,683 INFO  ExportHelperExtension.cs: 1125 - Retrieving features of type [RefAxis] from ????-1
2025-07-14 18:09:05,686 INFO  ExportHelperExtension.cs: 1136 - Found 24 in ????-1
2025-07-14 18:09:05,689 INFO  ExportHelperExtension.cs: 1145 - Found 0 features of type [RefAxis] in ????-1
2025-07-14 18:09:05,691 INFO  ExportHelperExtension.cs: 1125 - Retrieving features of type [RefAxis] from ????-1
2025-07-14 18:09:05,693 INFO  ExportHelperExtension.cs: 1136 - Found 24 in ????-1
2025-07-14 18:09:05,696 INFO  ExportHelperExtension.cs: 1145 - Found 0 features of type [RefAxis] in ????-1
2025-07-14 18:09:05,698 INFO  ExportHelperExtension.cs: 1125 - Retrieving features of type [RefAxis] from ????-1
2025-07-14 18:09:05,700 INFO  ExportHelperExtension.cs: 1136 - Found 24 in ????-1
2025-07-14 18:09:05,702 INFO  ExportHelperExtension.cs: 1145 - Found 0 features of type [RefAxis] in ????-1
2025-07-14 18:09:06,181 INFO  SwAddin.cs: 339 - Loading config tree
2025-07-14 18:09:06,183 INFO  ExportPropertyManagerExtension.cs: 520 - Starting new configuration
2025-07-14 18:09:06,189 INFO  SwAddin.cs: 344 - Showing property manager
2025-07-14 18:09:28,436 INFO  ExportPropertyManager.cs: 1136 - OnNumberBoxTrackingCompleted called. This method no longer throws an Exception. It just silently does nothing. Ok, except for this logging message
2025-07-14 18:09:45,272 INFO  ExportPropertyManager.cs: 1018 - OnComboboxSelectionChanged called. This method no longer throws an Exception. It just silently does nothing. Ok, except for this logging message
2025-07-14 18:10:25,647 INFO  ExportPropertyManager.cs: 422 - Configuration saved
2025-07-14 18:10:33,172 INFO  ExportHelperExtension.cs: 347 - Creating joint reaction_wheel
2025-07-14 18:10:33,184 INFO  ExportHelperExtension.cs: 1397 - Fixing components for base_link
2025-07-14 18:10:33,189 INFO  ExportHelperExtension.cs: 1402 - Fixing 25
2025-07-14 18:10:33,190 INFO  ExportHelperExtension.cs: 1409 - Component 25 is already fixed
2025-07-14 18:10:33,190 INFO  ExportHelperExtension.cs: 1402 - Fixing 26
2025-07-14 18:10:33,191 INFO  ExportHelperExtension.cs: 1409 - Component 26 is already fixed
2025-07-14 18:10:33,191 INFO  ExportHelperExtension.cs: 1402 - Fixing 27
2025-07-14 18:10:33,192 INFO  ExportHelperExtension.cs: 1409 - Component 27 is already fixed
2025-07-14 18:10:33,192 INFO  ExportHelperExtension.cs: 1402 - Fixing 28
2025-07-14 18:10:33,193 INFO  ExportHelperExtension.cs: 1409 - Component 28 is already fixed
2025-07-14 18:10:33,193 INFO  ExportHelperExtension.cs: 1402 - Fixing 29
2025-07-14 18:10:33,194 INFO  ExportHelperExtension.cs: 1409 - Component 29 is already fixed
2025-07-14 18:10:33,629 INFO  ExportHelperExtension.cs: 832 - R1: 0, 0
2025-07-14 18:10:33,630 INFO  ExportHelperExtension.cs: 841 - R2: 0, 0
2025-07-14 18:10:33,630 INFO  ExportHelperExtension.cs: 849 - L1: 0
2025-07-14 18:10:33,631 INFO  ExportHelperExtension.cs: 857 - L2: 0
2025-07-14 18:10:35,802 WARN  ExportHelperExtension.cs: 351 - Creating joint from parent base_link to child reaction_wheel failed
2025-07-14 18:10:36,085 INFO  ExportHelperExtension.cs: 1125 - Retrieving features of type [CoordSys] from ??? v1.SLDASM
2025-07-14 18:10:36,097 INFO  ExportHelperExtension.cs: 1136 - Found 32 in ??? v1.SLDASM
2025-07-14 18:10:36,099 INFO  ExportHelperExtension.cs: 1145 - Found 2 features of type [CoordSys] in ??? v1.SLDASM
2025-07-14 18:10:36,099 INFO  ExportHelperExtension.cs: 1148 - Proceeding through assembly components
2025-07-14 18:10:36,100 INFO  ExportHelperExtension.cs: 1160 - 6 components to check
2025-07-14 18:10:36,100 INFO  ExportHelperExtension.cs: 1125 - Retrieving features of type [CoordSys] from 3.7V???-1
2025-07-14 18:10:36,101 INFO  ExportHelperExtension.cs: 1136 - Found 24 in 3.7V???-1
2025-07-14 18:10:36,102 INFO  ExportHelperExtension.cs: 1145 - Found 0 features of type [CoordSys] in 3.7V???-1
2025-07-14 18:10:36,102 INFO  ExportHelperExtension.cs: 1125 - Retrieving features of type [CoordSys] from class_cubli_V2.7.13-1
2025-07-14 18:10:36,103 INFO  ExportHelperExtension.cs: 1136 - Found 31 in class_cubli_V2.7.13-1
2025-07-14 18:10:36,104 INFO  ExportHelperExtension.cs: 1145 - Found 0 features of type [CoordSys] in class_cubli_V2.7.13-1
2025-07-14 18:10:36,104 INFO  ExportHelperExtension.cs: 1125 - Retrieving features of type [CoordSys] from ??01-NIDEC+61mm??-1
2025-07-14 18:10:36,105 INFO  ExportHelperExtension.cs: 1136 - Found 25 in ??01-NIDEC+61mm??-1
2025-07-14 18:10:36,106 INFO  ExportHelperExtension.cs: 1145 - Found 0 features of type [CoordSys] in ??01-NIDEC+61mm??-1
2025-07-14 18:10:36,106 INFO  ExportHelperExtension.cs: 1125 - Retrieving features of type [CoordSys] from ????-1
2025-07-14 18:10:36,107 INFO  ExportHelperExtension.cs: 1136 - Found 24 in ????-1
2025-07-14 18:10:36,108 INFO  ExportHelperExtension.cs: 1145 - Found 0 features of type [CoordSys] in ????-1
2025-07-14 18:10:36,108 INFO  ExportHelperExtension.cs: 1125 - Retrieving features of type [CoordSys] from ????-1
2025-07-14 18:10:36,109 INFO  ExportHelperExtension.cs: 1136 - Found 24 in ????-1
2025-07-14 18:10:36,109 INFO  ExportHelperExtension.cs: 1145 - Found 0 features of type [CoordSys] in ????-1
2025-07-14 18:10:36,110 INFO  ExportHelperExtension.cs: 1125 - Retrieving features of type [CoordSys] from ????-1
2025-07-14 18:10:36,111 INFO  ExportHelperExtension.cs: 1136 - Found 24 in ????-1
2025-07-14 18:10:36,112 INFO  ExportHelperExtension.cs: 1145 - Found 0 features of type [CoordSys] in ????-1
2025-07-14 18:10:36,112 INFO  ExportHelperExtension.cs: 1125 - Retrieving features of type [RefAxis] from ??? v1.SLDASM
2025-07-14 18:10:36,113 INFO  ExportHelperExtension.cs: 1136 - Found 32 in ??? v1.SLDASM
2025-07-14 18:10:36,114 INFO  ExportHelperExtension.cs: 1145 - Found 0 features of type [RefAxis] in ??? v1.SLDASM
2025-07-14 18:10:36,114 INFO  ExportHelperExtension.cs: 1148 - Proceeding through assembly components
2025-07-14 18:10:36,115 INFO  ExportHelperExtension.cs: 1160 - 6 components to check
2025-07-14 18:10:36,124 INFO  ExportHelperExtension.cs: 1125 - Retrieving features of type [RefAxis] from 3.7V???-1
2025-07-14 18:10:36,125 INFO  ExportHelperExtension.cs: 1136 - Found 24 in 3.7V???-1
2025-07-14 18:10:36,126 INFO  ExportHelperExtension.cs: 1145 - Found 0 features of type [RefAxis] in 3.7V???-1
2025-07-14 18:10:36,127 INFO  ExportHelperExtension.cs: 1125 - Retrieving features of type [RefAxis] from class_cubli_V2.7.13-1
2025-07-14 18:10:36,127 INFO  ExportHelperExtension.cs: 1136 - Found 31 in class_cubli_V2.7.13-1
2025-07-14 18:10:36,129 INFO  ExportHelperExtension.cs: 1145 - Found 0 features of type [RefAxis] in class_cubli_V2.7.13-1
2025-07-14 18:10:36,130 INFO  ExportHelperExtension.cs: 1125 - Retrieving features of type [RefAxis] from ??01-NIDEC+61mm??-1
2025-07-14 18:10:36,130 INFO  ExportHelperExtension.cs: 1136 - Found 25 in ??01-NIDEC+61mm??-1
2025-07-14 18:10:36,133 INFO  ExportHelperExtension.cs: 1145 - Found 0 features of type [RefAxis] in ??01-NIDEC+61mm??-1
2025-07-14 18:10:36,133 INFO  ExportHelperExtension.cs: 1125 - Retrieving features of type [RefAxis] from ????-1
2025-07-14 18:10:36,217 INFO  ExportHelperExtension.cs: 1136 - Found 24 in ????-1
2025-07-14 18:10:36,218 INFO  ExportHelperExtension.cs: 1145 - Found 0 features of type [RefAxis] in ????-1
2025-07-14 18:10:36,219 INFO  ExportHelperExtension.cs: 1125 - Retrieving features of type [RefAxis] from ????-1
2025-07-14 18:10:36,220 INFO  ExportHelperExtension.cs: 1136 - Found 24 in ????-1
2025-07-14 18:10:36,220 INFO  ExportHelperExtension.cs: 1145 - Found 0 features of type [RefAxis] in ????-1
2025-07-14 18:10:36,221 INFO  ExportHelperExtension.cs: 1125 - Retrieving features of type [RefAxis] from ????-1
2025-07-14 18:10:36,222 INFO  ExportHelperExtension.cs: 1136 - Found 24 in ????-1
2025-07-14 18:10:36,222 INFO  ExportHelperExtension.cs: 1145 - Found 0 features of type [RefAxis] in ????-1
2025-07-14 18:10:36,357 INFO  ExportPropertyManager.cs: 1142 - AfterClose called. This method no longer throws an Exception. It just silently does nothing. Ok, except for this logging message
2025-07-14 18:11:08,110 INFO  AssemblyExportForm.cs: 253 - Completing URDF export
2025-07-14 18:11:08,117 INFO  ConfigurationSerialization.cs: 276 - URDF Configuration found
<Link z:Id="i1" xmlns="http://schemas.datacontract.org/2004/07/SW2URDF" xmlns:i="http://www.w3.org/2001/XMLSchema-instance" xmlns:z="http://schemas.microsoft.com/2003/10/Serialization/"><Attributes><Attribute z:Id="i2"><AttributeType>name</AttributeType><IsRequired>true</IsRequired><Value i:type="a:string" xmlns:a="http://www.w3.org/2001/XMLSchema">base_link</Value></Attribute></Attributes><ChildElements><URDFElement z:Id="i3" i:type="Inertial"><Attributes/><ChildElements><URDFElement z:Id="i4" i:type="Origin"><Attributes><Attribute z:Id="i5"><AttributeType>xyz</AttributeType><IsRequired>true</IsRequired><Value i:type="a:ArrayOfdouble" xmlns:a="http://schemas.microsoft.com/2003/10/Serialization/Arrays"><a:double>0</a:double><a:double>0</a:double><a:double>0</a:double></Value></Attribute><Attribute z:Id="i6"><AttributeType>rpy</AttributeType><IsRequired>true</IsRequired><Value i:type="a:ArrayOfdouble" xmlns:a="http://schemas.microsoft.com/2003/10/Serialization/Arrays"><a:double>0</a:double><a:double>0</a:double><a:double>0</a:double></Value></Attribute></Attributes><ChildElements/><ElementName>origin</ElementName><required>false</required><RPYAttribute z:Ref="i6"/><XYZAttribute z:Ref="i5"/><isCustomized>false</isCustomized></URDFElement><URDFElement z:Id="i7" i:type="Mass"><Attributes><Attribute z:Id="i8"><AttributeType>value</AttributeType><IsRequired>true</IsRequired><Value i:type="a:double" xmlns:a="http://www.w3.org/2001/XMLSchema">0</Value></Attribute></Attributes><ChildElements/><ElementName>mass</ElementName><required>false</required><ValueAttribute z:Ref="i8"/></URDFElement><URDFElement z:Id="i9" i:type="Inertia"><Attributes><Attribute z:Id="i10"><AttributeType>ixx</AttributeType><IsRequired>true</IsRequired><Value i:type="a:double" xmlns:a="http://www.w3.org/2001/XMLSchema">0</Value></Attribute><Attribute z:Id="i11"><AttributeType>ixy</AttributeType><IsRequired>true</IsRequired><Value i:type="a:double" xmlns:a="http://www.w3.org/2001/XMLSchema">0</Value></Attribute><Attribute z:Id="i12"><AttributeType>ixz</AttributeType><IsRequired>true</IsRequired><Value i:type="a:double" xmlns:a="http://www.w3.org/2001/XMLSchema">0</Value></Attribute><Attribute z:Id="i13"><AttributeType>iyy</AttributeType><IsRequired>true</IsRequired><Value i:type="a:double" xmlns:a="http://www.w3.org/2001/XMLSchema">0</Value></Attribute><Attribute z:Id="i14"><AttributeType>iyz</AttributeType><IsRequired>true</IsRequired><Value i:type="a:double" xmlns:a="http://www.w3.org/2001/XMLSchema">0</Value></Attribute><Attribute z:Id="i15"><AttributeType>izz</AttributeType><IsRequired>true</IsRequired><Value i:type="a:double" xmlns:a="http://www.w3.org/2001/XMLSchema">0</Value></Attribute></Attributes><ChildElements/><ElementName>inertia</ElementName><required>false</required><IxxAttribute z:Ref="i10"/><IxyAttribute z:Ref="i11"/><IxzAttribute z:Ref="i12"/><IyyAttribute z:Ref="i13"/><IyzAttribute z:Ref="i14"/><IzzAttribute z:Ref="i15"/></URDFElement></ChildElements><ElementName>inertial</ElementName><required>false</required><Inertia z:Ref="i9"/><Mass z:Ref="i7"/><Origin z:Ref="i4"/></URDFElement><URDFElement z:Id="i16" i:type="Visual"><Attributes/><ChildElements><URDFElement z:Id="i17" i:type="Origin"><Attributes><Attribute z:Id="i18"><AttributeType>xyz</AttributeType><IsRequired>true</IsRequired><Value i:type="a:ArrayOfdouble" xmlns:a="http://schemas.microsoft.com/2003/10/Serialization/Arrays"><a:double>0</a:double><a:double>0</a:double><a:double>0</a:double></Value></Attribute><Attribute z:Id="i19"><AttributeType>rpy</AttributeType><IsRequired>true</IsRequired><Value i:type="a:ArrayOfdouble" xmlns:a="http://schemas.microsoft.com/2003/10/Serialization/Arrays"><a:double>0</a:double><a:double>0</a:double><a:double>0</a:double></Value></Attribute></Attributes><ChildElements/><ElementName>origin</ElementName><required>false</required><RPYAttribute z:Ref="i19"/><XYZAttribute z:Ref="i18"/><isCustomized>false</isCustomized></URDFElement><URDFElement z:Id="i20" i:type="Geometry"><Attributes/><ChildElements><URDFElement z:Id="i21" i:type="Mesh"><Attributes><Attribute z:Id="i22"><AttributeType>filename</AttributeType><IsRequired>true</IsRequired><Value i:nil="true"/></Attribute></Attributes><ChildElements/><ElementName>mesh</ElementName><required>false</required><FilenameAttribute z:Ref="i22"/></URDFElement></ChildElements><ElementName>geometry</ElementName><required>true</required><Mesh z:Ref="i21"/></URDFElement><URDFElement z:Id="i23" i:type="Material"><Attributes><Attribute z:Id="i24"><AttributeType>name</AttributeType><IsRequired>true</IsRequired><Value i:type="a:string" xmlns:a="http://www.w3.org/2001/XMLSchema"/></Attribute></Attributes><ChildElements><URDFElement z:Id="i25" i:type="Color"><Attributes><Attribute z:Id="i26"><AttributeType>rgba</AttributeType><IsRequired>true</IsRequired><Value i:type="a:ArrayOfdouble" xmlns:a="http://schemas.microsoft.com/2003/10/Serialization/Arrays"><a:double>1</a:double><a:double>1</a:double><a:double>1</a:double><a:double>1</a:double></Value></Attribute></Attributes><ChildElements/><ElementName>color</ElementName><required>false</required><RGBAAttribute z:Ref="i26"/></URDFElement><URDFElement z:Id="i27" i:type="Texture"><Attributes><Attribute z:Id="i28"><AttributeType>filename</AttributeType><IsRequired>true</IsRequired><Value i:nil="true"/></Attribute></Attributes><ChildElements/><ElementName>texture</ElementName><required>false</required><FilenameAttribute z:Ref="i28"/><wFilename/></URDFElement></ChildElements><ElementName>material</ElementName><required>false</required><Color z:Ref="i25"/><NameAttribute z:Ref="i24"/><Texture z:Ref="i27"/></URDFElement></ChildElements><ElementName>visual</ElementName><required>false</required><Geometry z:Ref="i20"/><Material z:Ref="i23"/><Origin z:Ref="i17"/></URDFElement><URDFElement z:Id="i29" i:type="Collision"><Attributes/><ChildElements><URDFElement z:Id="i30" i:type="Origin"><Attributes><Attribute z:Id="i31"><AttributeType>xyz</AttributeType><IsRequired>true</IsRequired><Value i:type="a:ArrayOfdouble" xmlns:a="http://schemas.microsoft.com/2003/10/Serialization/Arrays"><a:double>0</a:double><a:double>0</a:double><a:double>0</a:double></Value></Attribute><Attribute z:Id="i32"><AttributeType>rpy</AttributeType><IsRequired>true</IsRequired><Value i:type="a:ArrayOfdouble" xmlns:a="http://schemas.microsoft.com/2003/10/Serialization/Arrays"><a:double>0</a:double><a:double>0</a:double><a:double>0</a:double></Value></Attribute></Attributes><ChildElements/><ElementName>origin</ElementName><required>false</required><RPYAttribute z:Ref="i32"/><XYZAttribute z:Ref="i31"/><isCustomized>false</isCustomized></URDFElement><URDFElement z:Id="i33" i:type="Geometry"><Attributes/><ChildElements><URDFElement z:Id="i34" i:type="Mesh"><Attributes><Attribute z:Id="i35"><AttributeType>filename</AttributeType><IsRequired>true</IsRequired><Value i:nil="true"/></Attribute></Attributes><ChildElements/><ElementName>mesh</ElementName><required>false</required><FilenameAttribute z:Ref="i35"/></URDFElement></ChildElements><ElementName>geometry</ElementName><required>true</required><Mesh z:Ref="i34"/></URDFElement></ChildElements><ElementName>collision</ElementName><required>false</required><Geometry z:Ref="i33"/><Origin z:Ref="i30"/></URDFElement><URDFElement z:Id="i36" i:type="Joint"><Attributes><Attribute z:Id="i37"><AttributeType>name</AttributeType><IsRequired>true</IsRequired><Value i:type="a:string" xmlns:a="http://www.w3.org/2001/XMLSchema"/></Attribute><Attribute z:Id="i38"><AttributeType>type</AttributeType><IsRequired>true</IsRequired><Value i:type="a:string" xmlns:a="http://www.w3.org/2001/XMLSchema"/></Attribute></Attributes><ChildElements><URDFElement z:Id="i39" i:type="Origin"><Attributes><Attribute z:Id="i40"><AttributeType>xyz</AttributeType><IsRequired>true</IsRequired><Value i:type="a:ArrayOfdouble" xmlns:a="http://schemas.microsoft.com/2003/10/Serialization/Arrays"><a:double>0</a:double><a:double>0</a:double><a:double>0</a:double></Value></Attribute><Attribute z:Id="i41"><AttributeType>rpy</AttributeType><IsRequired>true</IsRequired><Value i:type="a:ArrayOfdouble" xmlns:a="http://schemas.microsoft.com/2003/10/Serialization/Arrays"><a:double>0</a:double><a:double>0</a:double><a:double>0</a:double></Value></Attribute></Attributes><ChildElements/><ElementName>origin</ElementName><required>false</required><RPYAttribute z:Ref="i41"/><XYZAttribute z:Ref="i40"/><isCustomized>false</isCustomized></URDFElement><URDFElement z:Id="i42" i:type="ParentLink"><Attributes><Attribute z:Id="i43"><AttributeType>link</AttributeType><IsRequired>true</IsRequired><Value i:type="a:string" xmlns:a="http://www.w3.org/2001/XMLSchema"/></Attribute></Attributes><ChildElements/><ElementName>parent</ElementName><required>true</required><NameAttribute z:Ref="i43"/></URDFElement><URDFElement z:Id="i44" i:type="ChildLink"><Attributes><Attribute z:Id="i45"><AttributeType>link</AttributeType><IsRequired>true</IsRequired><Value i:type="a:string" xmlns:a="http://www.w3.org/2001/XMLSchema"/></Attribute></Attributes><ChildElements/><ElementName>child</ElementName><required>true</required><NameAttribute z:Ref="i45"/></URDFElement><URDFElement z:Id="i46" i:type="Axis"><Attributes><Attribute z:Id="i47"><AttributeType>xyz</AttributeType><IsRequired>true</IsRequired><Value i:type="a:ArrayOfdouble" xmlns:a="http://schemas.microsoft.com/2003/10/Serialization/Arrays"><a:double>0</a:double><a:double>0</a:double><a:double>0</a:double></Value></Attribute></Attributes><ChildElements/><ElementName>axis</ElementName><required>false</required><XYZAttribute z:Ref="i47"/></URDFElement><URDFElement z:Id="i48" i:type="Limit"><Attributes><Attribute z:Id="i49"><AttributeType>lower</AttributeType><IsRequired>false</IsRequired><Value i:nil="true"/></Attribute><Attribute z:Id="i50"><AttributeType>upper</AttributeType><IsRequired>false</IsRequired><Value i:nil="true"/></Attribute><Attribute z:Id="i51"><AttributeType>effort</AttributeType><IsRequired>true</IsRequired><Value i:nil="true"/></Attribute><Attribute z:Id="i52"><AttributeType>velocity</AttributeType><IsRequired>true</IsRequired><Value i:nil="true"/></Attribute></Attributes><ChildElements/><ElementName>limit</ElementName><required>false</required><EffortAttribute z:Ref="i51"/><LowerAttribute z:Ref="i49"/><UpperAttribute z:Ref="i50"/><VelocityAttribute z:Ref="i52"/></URDFElement><URDFElement z:Id="i53" i:type="Calibration"><Attributes><Attribute z:Id="i54"><AttributeType>rising</AttributeType><IsRequired>false</IsRequired><Value i:nil="true"/></Attribute><Attribute z:Id="i55"><AttributeType>falling</AttributeType><IsRequired>false</IsRequired><Value i:nil="true"/></Attribute></Attributes><ChildElements/><ElementName>calibration</ElementName><required>false</required><FallingAttribute z:Ref="i55"/><RisingAttribute z:Ref="i54"/></URDFElement><URDFElement z:Id="i56" i:type="Dynamics"><Attributes><Attribute z:Id="i57"><AttributeType>damping</AttributeType><IsRequired>false</IsRequired><Value i:nil="true"/></Attribute><Attribute z:Id="i58"><AttributeType>friction</AttributeType><IsRequired>false</IsRequired><Value i:nil="true"/></Attribute></Attributes><ChildElements/><ElementName>dynamics</ElementName><required>false</required><DampingAttribute z:Ref="i57"/><FrictionAttribute z:Ref="i58"/></URDFElement><URDFElement z:Id="i59" i:type="SafetyController"><Attributes><Attribute z:Id="i60"><AttributeType>soft_upper_limit</AttributeType><IsRequired>false</IsRequired><Value i:nil="true"/></Attribute><Attribute z:Id="i61"><AttributeType>soft_lower_limit</AttributeType><IsRequired>false</IsRequired><Value i:nil="true"/></Attribute><Attribute z:Id="i62"><AttributeType>k_position</AttributeType><IsRequired>false</IsRequired><Value i:nil="true"/></Attribute><Attribute z:Id="i63"><AttributeType>k_velocity</AttributeType><IsRequired>true</IsRequired><Value i:nil="true"/></Attribute></Attributes><ChildElements/><ElementName>safety_controller</ElementName><required>false</required><KPositionAttribute z:Ref="i62"/><KVelocityAttribute z:Ref="i63"/><SoftLowerAttribute z:Ref="i61"/><SoftUpperAttribute z:Ref="i60"/></URDFElement><URDFElement z:Id="i64" i:type="Mimic"><Attributes><Attribute z:Id="i65"><AttributeType>joint</AttributeType><IsRequired>true</IsRequired><Value i:nil="true"/></Attribute><Attribute z:Id="i66"><AttributeType>multiplier</AttributeType><IsRequired>false</IsRequired><Value i:nil="true"/></Attribute><Attribute z:Id="i67"><AttributeType>offset</AttributeType><IsRequired>false</IsRequired><Value i:nil="true"/></Attribute></Attributes><ChildElements/><ElementName>mimic</ElementName><required>false</required><JointNameAttribute z:Ref="i65"/><MultiplierAttribute z:Ref="i66"/><OffsetAttribute z:Ref="i67"/></URDFElement></ChildElements><ElementName>joint</ElementName><required>false</required><Axis z:Ref="i46"/><AxisName/><Calibration z:Ref="i53"/><Child z:Ref="i44"/><CoordinateSystemName>Automatically Generate</CoordinateSystemName><Dynamics z:Ref="i56"/><Limit z:Ref="i48"/><Mimic z:Ref="i64"/><NameAttribute z:Ref="i37"/><Origin z:Ref="i39"/><Parent z:Ref="i42"/><Safety z:Ref="i59"/><TypeAttribute z:Ref="i38"/></URDFElement></ChildElements><ElementName>link</ElementName><required>true</required><Children><Link z:Id="i68"><Attributes><Attribute z:Id="i69"><AttributeType>name</AttributeType><IsRequired>true</IsRequired><Value i:type="a:string" xmlns:a="http://www.w3.org/2001/XMLSchema">reaction_wheel</Value></Attribute></Attributes><ChildElements><URDFElement z:Id="i70" i:type="Inertial"><Attributes/><ChildElements><URDFElement z:Id="i71" i:type="Origin"><Attributes><Attribute z:Id="i72"><AttributeType>xyz</AttributeType><IsRequired>true</IsRequired><Value i:type="a:ArrayOfdouble" xmlns:a="http://schemas.microsoft.com/2003/10/Serialization/Arrays"><a:double>0</a:double><a:double>0</a:double><a:double>0</a:double></Value></Attribute><Attribute z:Id="i73"><AttributeType>rpy</AttributeType><IsRequired>true</IsRequired><Value i:type="a:ArrayOfdouble" xmlns:a="http://schemas.microsoft.com/2003/10/Serialization/Arrays"><a:double>0</a:double><a:double>0</a:double><a:double>0</a:double></Value></Attribute></Attributes><ChildElements/><ElementName>origin</ElementName><required>false</required><RPYAttribute z:Ref="i73"/><XYZAttribute z:Ref="i72"/><isCustomized>false</isCustomized></URDFElement><URDFElement z:Id="i74" i:type="Mass"><Attributes><Attribute z:Id="i75"><AttributeType>value</AttributeType><IsRequired>true</IsRequired><Value i:type="a:double" xmlns:a="http://www.w3.org/2001/XMLSchema">0</Value></Attribute></Attributes><ChildElements/><ElementName>mass</ElementName><required>false</required><ValueAttribute z:Ref="i75"/></URDFElement><URDFElement z:Id="i76" i:type="Inertia"><Attributes><Attribute z:Id="i77"><AttributeType>ixx</AttributeType><IsRequired>true</IsRequired><Value i:type="a:double" xmlns:a="http://www.w3.org/2001/XMLSchema">0</Value></Attribute><Attribute z:Id="i78"><AttributeType>ixy</AttributeType><IsRequired>true</IsRequired><Value i:type="a:double" xmlns:a="http://www.w3.org/2001/XMLSchema">0</Value></Attribute><Attribute z:Id="i79"><AttributeType>ixz</AttributeType><IsRequired>true</IsRequired><Value i:type="a:double" xmlns:a="http://www.w3.org/2001/XMLSchema">0</Value></Attribute><Attribute z:Id="i80"><AttributeType>iyy</AttributeType><IsRequired>true</IsRequired><Value i:type="a:double" xmlns:a="http://www.w3.org/2001/XMLSchema">0</Value></Attribute><Attribute z:Id="i81"><AttributeType>iyz</AttributeType><IsRequired>true</IsRequired><Value i:type="a:double" xmlns:a="http://www.w3.org/2001/XMLSchema">0</Value></Attribute><Attribute z:Id="i82"><AttributeType>izz</AttributeType><IsRequired>true</IsRequired><Value i:type="a:double" xmlns:a="http://www.w3.org/2001/XMLSchema">0</Value></Attribute></Attributes><ChildElements/><ElementName>inertia</ElementName><required>false</required><IxxAttribute z:Ref="i77"/><IxyAttribute z:Ref="i78"/><IxzAttribute z:Ref="i79"/><IyyAttribute z:Ref="i80"/><IyzAttribute z:Ref="i81"/><IzzAttribute z:Ref="i82"/></URDFElement></ChildElements><ElementName>inertial</ElementName><required>false</required><Inertia z:Ref="i76"/><Mass z:Ref="i74"/><Origin z:Ref="i71"/></URDFElement><URDFElement z:Id="i83" i:type="Visual"><Attributes/><ChildElements><URDFElement z:Id="i84" i:type="Origin"><Attributes><Attribute z:Id="i85"><AttributeType>xyz</AttributeType><IsRequired>true</IsRequired><Value i:type="a:ArrayOfdouble" xmlns:a="http://schemas.microsoft.com/2003/10/Serialization/Arrays"><a:double>0</a:double><a:double>0</a:double><a:double>0</a:double></Value></Attribute><Attribute z:Id="i86"><AttributeType>rpy</AttributeType><IsRequired>true</IsRequired><Value i:type="a:ArrayOfdouble" xmlns:a="http://schemas.microsoft.com/2003/10/Serialization/Arrays"><a:double>0</a:double><a:double>0</a:double><a:double>0</a:double></Value></Attribute></Attributes><ChildElements/><ElementName>origin</ElementName><required>false</required><RPYAttribute z:Ref="i86"/><XYZAttribute z:Ref="i85"/><isCustomized>false</isCustomized></URDFElement><URDFElement z:Id="i87" i:type="Geometry"><Attributes/><ChildElements><URDFElement z:Id="i88" i:type="Mesh"><Attributes><Attribute z:Id="i89"><AttributeType>filename</AttributeType><IsRequired>true</IsRequired><Value i:nil="true"/></Attribute></Attributes><ChildElements/><ElementName>mesh</ElementName><required>false</required><FilenameAttribute z:Ref="i89"/></URDFElement></ChildElements><ElementName>geometry</ElementName><required>true</required><Mesh z:Ref="i88"/></URDFElement><URDFElement z:Id="i90" i:type="Material"><Attributes><Attribute z:Id="i91"><AttributeType>name</AttributeType><IsRequired>true</IsRequired><Value i:type="a:string" xmlns:a="http://www.w3.org/2001/XMLSchema"/></Attribute></Attributes><ChildElements><URDFElement z:Id="i92" i:type="Color"><Attributes><Attribute z:Id="i93"><AttributeType>rgba</AttributeType><IsRequired>true</IsRequired><Value i:type="a:ArrayOfdouble" xmlns:a="http://schemas.microsoft.com/2003/10/Serialization/Arrays"><a:double>1</a:double><a:double>1</a:double><a:double>1</a:double><a:double>1</a:double></Value></Attribute></Attributes><ChildElements/><ElementName>color</ElementName><required>false</required><RGBAAttribute z:Ref="i93"/></URDFElement><URDFElement z:Id="i94" i:type="Texture"><Attributes><Attribute z:Id="i95"><AttributeType>filename</AttributeType><IsRequired>true</IsRequired><Value i:nil="true"/></Attribute></Attributes><ChildElements/><ElementName>texture</ElementName><required>false</required><FilenameAttribute z:Ref="i95"/><wFilename/></URDFElement></ChildElements><ElementName>material</ElementName><required>false</required><Color z:Ref="i92"/><NameAttribute z:Ref="i91"/><Texture z:Ref="i94"/></URDFElement></ChildElements><ElementName>visual</ElementName><required>false</required><Geometry z:Ref="i87"/><Material z:Ref="i90"/><Origin z:Ref="i84"/></URDFElement><URDFElement z:Id="i96" i:type="Collision"><Attributes/><ChildElements><URDFElement z:Id="i97" i:type="Origin"><Attributes><Attribute z:Id="i98"><AttributeType>xyz</AttributeType><IsRequired>true</IsRequired><Value i:type="a:ArrayOfdouble" xmlns:a="http://schemas.microsoft.com/2003/10/Serialization/Arrays"><a:double>0</a:double><a:double>0</a:double><a:double>0</a:double></Value></Attribute><Attribute z:Id="i99"><AttributeType>rpy</AttributeType><IsRequired>true</IsRequired><Value i:type="a:ArrayOfdouble" xmlns:a="http://schemas.microsoft.com/2003/10/Serialization/Arrays"><a:double>0</a:double><a:double>0</a:double><a:double>0</a:double></Value></Attribute></Attributes><ChildElements/><ElementName>origin</ElementName><required>false</required><RPYAttribute z:Ref="i99"/><XYZAttribute z:Ref="i98"/><isCustomized>false</isCustomized></URDFElement><URDFElement z:Id="i100" i:type="Geometry"><Attributes/><ChildElements><URDFElement z:Id="i101" i:type="Mesh"><Attributes><Attribute z:Id="i102"><AttributeType>filename</AttributeType><IsRequired>true</IsRequired><Value i:nil="true"/></Attribute></Attributes><ChildElements/><ElementName>mesh</ElementName><required>false</required><FilenameAttribute z:Ref="i102"/></URDFElement></ChildElements><ElementName>geometry</ElementName><required>true</required><Mesh z:Ref="i101"/></URDFElement></ChildElements><ElementName>collision</ElementName><required>false</required><Geometry z:Ref="i100"/><Origin z:Ref="i97"/></URDFElement><URDFElement z:Id="i103" i:type="Joint"><Attributes><Attribute z:Id="i104"><AttributeType>name</AttributeType><IsRequired>true</IsRequired><Value i:type="a:string" xmlns:a="http://www.w3.org/2001/XMLSchema">reaction_wheel_joint</Value></Attribute><Attribute z:Id="i105"><AttributeType>type</AttributeType><IsRequired>true</IsRequired><Value i:type="a:string" xmlns:a="http://www.w3.org/2001/XMLSchema">revolute</Value></Attribute></Attributes><ChildElements><URDFElement z:Id="i106" i:type="Origin"><Attributes><Attribute z:Id="i107"><AttributeType>xyz</AttributeType><IsRequired>true</IsRequired><Value i:type="a:ArrayOfdouble" xmlns:a="http://schemas.microsoft.com/2003/10/Serialization/Arrays"><a:double>0</a:double><a:double>0</a:double><a:double>0</a:double></Value></Attribute><Attribute z:Id="i108"><AttributeType>rpy</AttributeType><IsRequired>true</IsRequired><Value i:type="a:ArrayOfdouble" xmlns:a="http://schemas.microsoft.com/2003/10/Serialization/Arrays"><a:double>0</a:double><a:double>0</a:double><a:double>0</a:double></Value></Attribute></Attributes><ChildElements/><ElementName>origin</ElementName><required>false</required><RPYAttribute z:Ref="i108"/><XYZAttribute z:Ref="i107"/><isCustomized>false</isCustomized></URDFElement><URDFElement z:Id="i109" i:type="ParentLink"><Attributes><Attribute z:Id="i110"><AttributeType>link</AttributeType><IsRequired>true</IsRequired><Value i:type="a:string" xmlns:a="http://www.w3.org/2001/XMLSchema"/></Attribute></Attributes><ChildElements/><ElementName>parent</ElementName><required>true</required><NameAttribute z:Ref="i110"/></URDFElement><URDFElement z:Id="i111" i:type="ChildLink"><Attributes><Attribute z:Id="i112"><AttributeType>link</AttributeType><IsRequired>true</IsRequired><Value i:type="a:string" xmlns:a="http://www.w3.org/2001/XMLSchema"/></Attribute></Attributes><ChildElements/><ElementName>child</ElementName><required>true</required><NameAttribute z:Ref="i112"/></URDFElement><URDFElement z:Id="i113" i:type="Axis"><Attributes><Attribute z:Id="i114"><AttributeType>xyz</AttributeType><IsRequired>true</IsRequired><Value i:type="a:ArrayOfdouble" xmlns:a="http://schemas.microsoft.com/2003/10/Serialization/Arrays"><a:double>0</a:double><a:double>0</a:double><a:double>0</a:double></Value></Attribute></Attributes><ChildElements/><ElementName>axis</ElementName><required>false</required><XYZAttribute z:Ref="i114"/></URDFElement><URDFElement z:Id="i115" i:type="Limit"><Attributes><Attribute z:Id="i116"><AttributeType>lower</AttributeType><IsRequired>false</IsRequired><Value i:nil="true"/></Attribute><Attribute z:Id="i117"><AttributeType>upper</AttributeType><IsRequired>false</IsRequired><Value i:nil="true"/></Attribute><Attribute z:Id="i118"><AttributeType>effort</AttributeType><IsRequired>true</IsRequired><Value i:nil="true"/></Attribute><Attribute z:Id="i119"><AttributeType>velocity</AttributeType><IsRequired>true</IsRequired><Value i:nil="true"/></Attribute></Attributes><ChildElements/><ElementName>limit</ElementName><required>false</required><EffortAttribute z:Ref="i118"/><LowerAttribute z:Ref="i116"/><UpperAttribute z:Ref="i117"/><VelocityAttribute z:Ref="i119"/></URDFElement><URDFElement z:Id="i120" i:type="Calibration"><Attributes><Attribute z:Id="i121"><AttributeType>rising</AttributeType><IsRequired>false</IsRequired><Value i:nil="true"/></Attribute><Attribute z:Id="i122"><AttributeType>falling</AttributeType><IsRequired>false</IsRequired><Value i:nil="true"/></Attribute></Attributes><ChildElements/><ElementName>calibration</ElementName><required>false</required><FallingAttribute z:Ref="i122"/><RisingAttribute z:Ref="i121"/></URDFElement><URDFElement z:Id="i123" i:type="Dynamics"><Attributes><Attribute z:Id="i124"><AttributeType>damping</AttributeType><IsRequired>false</IsRequired><Value i:nil="true"/></Attribute><Attribute z:Id="i125"><AttributeType>friction</AttributeType><IsRequired>false</IsRequired><Value i:nil="true"/></Attribute></Attributes><ChildElements/><ElementName>dynamics</ElementName><required>false</required><DampingAttribute z:Ref="i124"/><FrictionAttribute z:Ref="i125"/></URDFElement><URDFElement z:Id="i126" i:type="SafetyController"><Attributes><Attribute z:Id="i127"><AttributeType>soft_upper_limit</AttributeType><IsRequired>false</IsRequired><Value i:nil="true"/></Attribute><Attribute z:Id="i128"><AttributeType>soft_lower_limit</AttributeType><IsRequired>false</IsRequired><Value i:nil="true"/></Attribute><Attribute z:Id="i129"><AttributeType>k_position</AttributeType><IsRequired>false</IsRequired><Value i:nil="true"/></Attribute><Attribute z:Id="i130"><AttributeType>k_velocity</AttributeType><IsRequired>true</IsRequired><Value i:nil="true"/></Attribute></Attributes><ChildElements/><ElementName>safety_controller</ElementName><required>false</required><KPositionAttribute z:Ref="i129"/><KVelocityAttribute z:Ref="i130"/><SoftLowerAttribute z:Ref="i128"/><SoftUpperAttribute z:Ref="i127"/></URDFElement><URDFElement z:Id="i131" i:type="Mimic"><Attributes><Attribute z:Id="i132"><AttributeType>joint</AttributeType><IsRequired>true</IsRequired><Value i:nil="true"/></Attribute><Attribute z:Id="i133"><AttributeType>multiplier</AttributeType><IsRequired>false</IsRequired><Value i:nil="true"/></Attribute><Attribute z:Id="i134"><AttributeType>offset</AttributeType><IsRequired>false</IsRequired><Value i:nil="true"/></Attribute></Attributes><ChildElements/><ElementName>mimic</ElementName><required>false</required><JointNameAttribute z:Ref="i132"/><MultiplierAttribute z:Ref="i133"/><OffsetAttribute z:Ref="i134"/></URDFElement></ChildElements><ElementName>joint</ElementName><required>false</required><Axis z:Ref="i113"/><AxisName>Automatically Generate</AxisName><Calibration z:Ref="i120"/><Child z:Ref="i111"/><CoordinateSystemName>Automatically Generate</CoordinateSystemName><Dynamics z:Ref="i123"/><Limit z:Ref="i115"/><Mimic z:Ref="i131"/><NameAttribute z:Ref="i104"/><Origin z:Ref="i106"/><Parent z:Ref="i109"/><Safety z:Ref="i126"/><TypeAttribute z:Ref="i105"/></URDFElement></ChildElements><ElementName>link</ElementName><required>true</required><Children/><Collision z:Ref="i96"/><Inertial z:Ref="i70"/><Joint z:Ref="i103"/><NameAttribute z:Ref="i69"/><Parent z:Ref="i1"/><STLQualityFine>false</STLQualityFine><SWComponentPIDs xmlns:a="http://schemas.microsoft.com/2003/10/Serialization/Arrays"><a:base64Binary>UEYAAAUAAAD//v8axH7FiDAAMQAtAE4ASQBEAEUAQwArADYAMQBtAG0A3phujy0AMQBAAMWITZFTTyAAdgAxAAQAAAAQAAAAAQAAAAEAAAAYAAAA</a:base64Binary></SWComponentPIDs><SWMainComponentPID i:nil="true"/><Visual z:Ref="i83"/><isFixedFrame>false</isFixedFrame><isIncomplete>false</isIncomplete></Link></Children><Collision z:Ref="i29"/><Inertial z:Ref="i3"/><Joint z:Ref="i36"/><NameAttribute z:Ref="i2"/><Parent i:nil="true"/><STLQualityFine>false</STLQualityFine><SWComponentPIDs xmlns:a="http://schemas.microsoft.com/2003/10/Serialization/Arrays"><a:base64Binary>UEYAAAUAAAD//v8cYwBsAGEAcwBzAF8AYwB1AGIAbABpAF8AVgAyAC4ANwAuADEAMwAtADEAQADFiE2RU08gAHYAMQAEAAAAEAAAAAEAAAABAAAAGQAAAA==</a:base64Binary><a:base64Binary>UEYAAAUAAAD//v8NY2tilztOU08tADEAQADFiE2RU08gAHYAMQAEAAAAEAAAAAEAAAABAAAAGgAAAA==</a:base64Binary><a:base64Binary>UEYAAAUAAAD//v8NNXU6Zy9ltmctADEAQADFiE2RU08gAHYAMQAEAAAAEAAAAAEAAAABAAAAGwAAAA==</a:base64Binary><a:base64Binary>UEYAAAUAAAD//v8NzIBilztOU08tADEAQADFiE2RU08gAHYAMQAEAAAAEAAAAAEAAAABAAAAHAAAAA==</a:base64Binary><a:base64Binary>UEYAAAUAAAD//v8QMwAuADcAVgAClTV1YGwtADEAQADFiE2RU08gAHYAMQAEAAAAEAAAAAEAAAABAAAAHQAAAA==</a:base64Binary></SWComponentPIDs><SWMainComponentPID i:nil="true"/><Visual z:Ref="i16"/><isFixedFrame>false</isFixedFrame><isIncomplete>false</isIncomplete></Link>
2025-07-14 18:11:37,675 INFO  AssemblyExportForm.cs: 253 - Completing URDF export
2025-07-14 18:11:37,676 INFO  ConfigurationSerialization.cs: 276 - URDF Configuration found
<Link z:Id="i1" xmlns="http://schemas.datacontract.org/2004/07/SW2URDF" xmlns:i="http://www.w3.org/2001/XMLSchema-instance" xmlns:z="http://schemas.microsoft.com/2003/10/Serialization/"><Attributes><Attribute z:Id="i2"><AttributeType>name</AttributeType><IsRequired>true</IsRequired><Value i:type="a:string" xmlns:a="http://www.w3.org/2001/XMLSchema">base_link</Value></Attribute></Attributes><ChildElements><URDFElement z:Id="i3" i:type="Inertial"><Attributes/><ChildElements><URDFElement z:Id="i4" i:type="Origin"><Attributes><Attribute z:Id="i5"><AttributeType>xyz</AttributeType><IsRequired>true</IsRequired><Value i:type="a:ArrayOfdouble" xmlns:a="http://schemas.microsoft.com/2003/10/Serialization/Arrays"><a:double>0.051744654859262718</a:double><a:double>-0.0091967325229487</a:double><a:double>-0.0630604091655406</a:double></Value></Attribute><Attribute z:Id="i6"><AttributeType>rpy</AttributeType><IsRequired>true</IsRequired><Value i:type="a:ArrayOfdouble" xmlns:a="http://schemas.microsoft.com/2003/10/Serialization/Arrays"><a:double>0</a:double><a:double>0</a:double><a:double>0</a:double></Value></Attribute></Attributes><ChildElements/><ElementName>origin</ElementName><required>false</required><RPYAttribute z:Ref="i6"/><XYZAttribute z:Ref="i5"/><isCustomized>false</isCustomized></URDFElement><URDFElement z:Id="i7" i:type="Mass"><Attributes><Attribute z:Id="i8"><AttributeType>value</AttributeType><IsRequired>true</IsRequired><Value i:type="a:double" xmlns:a="http://www.w3.org/2001/XMLSchema">0.10189726258871036</Value></Attribute></Attributes><ChildElements/><ElementName>mass</ElementName><required>false</required><ValueAttribute z:Ref="i8"/></URDFElement><URDFElement z:Id="i9" i:type="Inertia"><Attributes><Attribute z:Id="i10"><AttributeType>ixx</AttributeType><IsRequired>true</IsRequired><Value i:type="a:double" xmlns:a="http://www.w3.org/2001/XMLSchema">5.5359644068004736E-05</Value></Attribute><Attribute z:Id="i11"><AttributeType>ixy</AttributeType><IsRequired>true</IsRequired><Value i:type="a:double" xmlns:a="http://www.w3.org/2001/XMLSchema">-2.3412840200866432E-09</Value></Attribute><Attribute z:Id="i12"><AttributeType>ixz</AttributeType><IsRequired>true</IsRequired><Value i:type="a:double" xmlns:a="http://www.w3.org/2001/XMLSchema">-1.0567013736198846E-09</Value></Attribute><Attribute z:Id="i13"><AttributeType>iyy</AttributeType><IsRequired>true</IsRequired><Value i:type="a:double" xmlns:a="http://www.w3.org/2001/XMLSchema">0.00019640670935245133</Value></Attribute><Attribute z:Id="i14"><AttributeType>iyz</AttributeType><IsRequired>true</IsRequired><Value i:type="a:double" xmlns:a="http://www.w3.org/2001/XMLSchema">9.0441077960434478E-07</Value></Attribute><Attribute z:Id="i15"><AttributeType>izz</AttributeType><IsRequired>true</IsRequired><Value i:type="a:double" xmlns:a="http://www.w3.org/2001/XMLSchema">0.00022589932867484968</Value></Attribute></Attributes><ChildElements/><ElementName>inertia</ElementName><required>false</required><IxxAttribute z:Ref="i10"/><IxyAttribute z:Ref="i11"/><IxzAttribute z:Ref="i12"/><IyyAttribute z:Ref="i13"/><IyzAttribute z:Ref="i14"/><IzzAttribute z:Ref="i15"/></URDFElement></ChildElements><ElementName>inertial</ElementName><required>false</required><Inertia z:Ref="i9"/><Mass z:Ref="i7"/><Origin z:Ref="i4"/></URDFElement><URDFElement z:Id="i16" i:type="Visual"><Attributes/><ChildElements><URDFElement z:Id="i17" i:type="Origin"><Attributes><Attribute z:Id="i18"><AttributeType>xyz</AttributeType><IsRequired>true</IsRequired><Value i:type="a:ArrayOfdouble" xmlns:a="http://schemas.microsoft.com/2003/10/Serialization/Arrays"><a:double>0</a:double><a:double>0</a:double><a:double>0</a:double></Value></Attribute><Attribute z:Id="i19"><AttributeType>rpy</AttributeType><IsRequired>true</IsRequired><Value i:type="a:ArrayOfdouble" xmlns:a="http://schemas.microsoft.com/2003/10/Serialization/Arrays"><a:double>0</a:double><a:double>0</a:double><a:double>0</a:double></Value></Attribute></Attributes><ChildElements/><ElementName>origin</ElementName><required>false</required><RPYAttribute z:Ref="i19"/><XYZAttribute z:Ref="i18"/><isCustomized>false</isCustomized></URDFElement><URDFElement z:Id="i20" i:type="Geometry"><Attributes/><ChildElements><URDFElement z:Id="i21" i:type="Mesh"><Attributes><Attribute z:Id="i22"><AttributeType>filename</AttributeType><IsRequired>true</IsRequired><Value i:nil="true"/></Attribute></Attributes><ChildElements/><ElementName>mesh</ElementName><required>false</required><FilenameAttribute z:Ref="i22"/></URDFElement></ChildElements><ElementName>geometry</ElementName><required>true</required><Mesh z:Ref="i21"/></URDFElement><URDFElement z:Id="i23" i:type="Material"><Attributes><Attribute z:Id="i24"><AttributeType>name</AttributeType><IsRequired>true</IsRequired><Value i:type="a:string" xmlns:a="http://www.w3.org/2001/XMLSchema"/></Attribute></Attributes><ChildElements><URDFElement z:Id="i25" i:type="Color"><Attributes><Attribute z:Id="i26"><AttributeType>rgba</AttributeType><IsRequired>true</IsRequired><Value i:type="a:ArrayOfdouble" xmlns:a="http://schemas.microsoft.com/2003/10/Serialization/Arrays"><a:double>0.75294117647058822</a:double><a:double>0.75294117647058822</a:double><a:double>0.75294117647058822</a:double><a:double>1</a:double></Value></Attribute></Attributes><ChildElements/><ElementName>color</ElementName><required>false</required><RGBAAttribute z:Ref="i26"/></URDFElement><URDFElement z:Id="i27" i:type="Texture"><Attributes><Attribute z:Id="i28"><AttributeType>filename</AttributeType><IsRequired>true</IsRequired><Value i:nil="true"/></Attribute></Attributes><ChildElements/><ElementName>texture</ElementName><required>false</required><FilenameAttribute z:Ref="i28"/><wFilename/></URDFElement></ChildElements><ElementName>material</ElementName><required>false</required><Color z:Ref="i25"/><NameAttribute z:Ref="i24"/><Texture z:Ref="i27"/></URDFElement></ChildElements><ElementName>visual</ElementName><required>false</required><Geometry z:Ref="i20"/><Material z:Ref="i23"/><Origin z:Ref="i17"/></URDFElement><URDFElement z:Id="i29" i:type="Collision"><Attributes/><ChildElements><URDFElement z:Id="i30" i:type="Origin"><Attributes><Attribute z:Id="i31"><AttributeType>xyz</AttributeType><IsRequired>true</IsRequired><Value i:type="a:ArrayOfdouble" xmlns:a="http://schemas.microsoft.com/2003/10/Serialization/Arrays"><a:double>0</a:double><a:double>0</a:double><a:double>0</a:double></Value></Attribute><Attribute z:Id="i32"><AttributeType>rpy</AttributeType><IsRequired>true</IsRequired><Value i:type="a:ArrayOfdouble" xmlns:a="http://schemas.microsoft.com/2003/10/Serialization/Arrays"><a:double>0</a:double><a:double>0</a:double><a:double>0</a:double></Value></Attribute></Attributes><ChildElements/><ElementName>origin</ElementName><required>false</required><RPYAttribute z:Ref="i32"/><XYZAttribute z:Ref="i31"/><isCustomized>false</isCustomized></URDFElement><URDFElement z:Id="i33" i:type="Geometry"><Attributes/><ChildElements><URDFElement z:Id="i34" i:type="Mesh"><Attributes><Attribute z:Id="i35"><AttributeType>filename</AttributeType><IsRequired>true</IsRequired><Value i:nil="true"/></Attribute></Attributes><ChildElements/><ElementName>mesh</ElementName><required>false</required><FilenameAttribute z:Ref="i35"/></URDFElement></ChildElements><ElementName>geometry</ElementName><required>true</required><Mesh z:Ref="i34"/></URDFElement></ChildElements><ElementName>collision</ElementName><required>false</required><Geometry z:Ref="i33"/><Origin z:Ref="i30"/></URDFElement><URDFElement z:Id="i36" i:type="Joint"><Attributes><Attribute z:Id="i37"><AttributeType>name</AttributeType><IsRequired>true</IsRequired><Value i:type="a:string" xmlns:a="http://www.w3.org/2001/XMLSchema"/></Attribute><Attribute z:Id="i38"><AttributeType>type</AttributeType><IsRequired>true</IsRequired><Value i:type="a:string" xmlns:a="http://www.w3.org/2001/XMLSchema"/></Attribute></Attributes><ChildElements><URDFElement z:Id="i39" i:type="Origin"><Attributes><Attribute z:Id="i40"><AttributeType>xyz</AttributeType><IsRequired>true</IsRequired><Value i:type="a:ArrayOfdouble" xmlns:a="http://schemas.microsoft.com/2003/10/Serialization/Arrays"><a:double>0</a:double><a:double>0</a:double><a:double>0</a:double></Value></Attribute><Attribute z:Id="i41"><AttributeType>rpy</AttributeType><IsRequired>true</IsRequired><Value i:type="a:ArrayOfdouble" xmlns:a="http://schemas.microsoft.com/2003/10/Serialization/Arrays"><a:double>0</a:double><a:double>0</a:double><a:double>0</a:double></Value></Attribute></Attributes><ChildElements/><ElementName>origin</ElementName><required>false</required><RPYAttribute z:Ref="i41"/><XYZAttribute z:Ref="i40"/><isCustomized>false</isCustomized></URDFElement><URDFElement z:Id="i42" i:type="ParentLink"><Attributes><Attribute z:Id="i43"><AttributeType>link</AttributeType><IsRequired>true</IsRequired><Value i:type="a:string" xmlns:a="http://www.w3.org/2001/XMLSchema"/></Attribute></Attributes><ChildElements/><ElementName>parent</ElementName><required>true</required><NameAttribute z:Ref="i43"/></URDFElement><URDFElement z:Id="i44" i:type="ChildLink"><Attributes><Attribute z:Id="i45"><AttributeType>link</AttributeType><IsRequired>true</IsRequired><Value i:type="a:string" xmlns:a="http://www.w3.org/2001/XMLSchema"/></Attribute></Attributes><ChildElements/><ElementName>child</ElementName><required>true</required><NameAttribute z:Ref="i45"/></URDFElement><URDFElement z:Id="i46" i:type="Axis"><Attributes><Attribute z:Id="i47"><AttributeType>xyz</AttributeType><IsRequired>true</IsRequired><Value i:type="a:ArrayOfdouble" xmlns:a="http://schemas.microsoft.com/2003/10/Serialization/Arrays"><a:double>0</a:double><a:double>0</a:double><a:double>0</a:double></Value></Attribute></Attributes><ChildElements/><ElementName>axis</ElementName><required>false</required><XYZAttribute z:Ref="i47"/></URDFElement><URDFElement z:Id="i48" i:type="Limit"><Attributes><Attribute z:Id="i49"><AttributeType>lower</AttributeType><IsRequired>false</IsRequired><Value i:nil="true"/></Attribute><Attribute z:Id="i50"><AttributeType>upper</AttributeType><IsRequired>false</IsRequired><Value i:nil="true"/></Attribute><Attribute z:Id="i51"><AttributeType>effort</AttributeType><IsRequired>true</IsRequired><Value i:nil="true"/></Attribute><Attribute z:Id="i52"><AttributeType>velocity</AttributeType><IsRequired>true</IsRequired><Value i:nil="true"/></Attribute></Attributes><ChildElements/><ElementName>limit</ElementName><required>false</required><EffortAttribute z:Ref="i51"/><LowerAttribute z:Ref="i49"/><UpperAttribute z:Ref="i50"/><VelocityAttribute z:Ref="i52"/></URDFElement><URDFElement z:Id="i53" i:type="Calibration"><Attributes><Attribute z:Id="i54"><AttributeType>rising</AttributeType><IsRequired>false</IsRequired><Value i:nil="true"/></Attribute><Attribute z:Id="i55"><AttributeType>falling</AttributeType><IsRequired>false</IsRequired><Value i:nil="true"/></Attribute></Attributes><ChildElements/><ElementName>calibration</ElementName><required>false</required><FallingAttribute z:Ref="i55"/><RisingAttribute z:Ref="i54"/></URDFElement><URDFElement z:Id="i56" i:type="Dynamics"><Attributes><Attribute z:Id="i57"><AttributeType>damping</AttributeType><IsRequired>false</IsRequired><Value i:nil="true"/></Attribute><Attribute z:Id="i58"><AttributeType>friction</AttributeType><IsRequired>false</IsRequired><Value i:nil="true"/></Attribute></Attributes><ChildElements/><ElementName>dynamics</ElementName><required>false</required><DampingAttribute z:Ref="i57"/><FrictionAttribute z:Ref="i58"/></URDFElement><URDFElement z:Id="i59" i:type="SafetyController"><Attributes><Attribute z:Id="i60"><AttributeType>soft_upper_limit</AttributeType><IsRequired>false</IsRequired><Value i:nil="true"/></Attribute><Attribute z:Id="i61"><AttributeType>soft_lower_limit</AttributeType><IsRequired>false</IsRequired><Value i:nil="true"/></Attribute><Attribute z:Id="i62"><AttributeType>k_position</AttributeType><IsRequired>false</IsRequired><Value i:nil="true"/></Attribute><Attribute z:Id="i63"><AttributeType>k_velocity</AttributeType><IsRequired>true</IsRequired><Value i:nil="true"/></Attribute></Attributes><ChildElements/><ElementName>safety_controller</ElementName><required>false</required><KPositionAttribute z:Ref="i62"/><KVelocityAttribute z:Ref="i63"/><SoftLowerAttribute z:Ref="i61"/><SoftUpperAttribute z:Ref="i60"/></URDFElement><URDFElement z:Id="i64" i:type="Mimic"><Attributes><Attribute z:Id="i65"><AttributeType>joint</AttributeType><IsRequired>true</IsRequired><Value i:nil="true"/></Attribute><Attribute z:Id="i66"><AttributeType>multiplier</AttributeType><IsRequired>false</IsRequired><Value i:nil="true"/></Attribute><Attribute z:Id="i67"><AttributeType>offset</AttributeType><IsRequired>false</IsRequired><Value i:nil="true"/></Attribute></Attributes><ChildElements/><ElementName>mimic</ElementName><required>false</required><JointNameAttribute z:Ref="i65"/><MultiplierAttribute z:Ref="i66"/><OffsetAttribute z:Ref="i67"/></URDFElement></ChildElements><ElementName>joint</ElementName><required>false</required><Axis z:Ref="i46"/><AxisName/><Calibration z:Ref="i53"/><Child z:Ref="i44"/><CoordinateSystemName>Origin_global</CoordinateSystemName><Dynamics z:Ref="i56"/><Limit z:Ref="i48"/><Mimic z:Ref="i64"/><NameAttribute z:Ref="i37"/><Origin z:Ref="i39"/><Parent z:Ref="i42"/><Safety z:Ref="i59"/><TypeAttribute z:Ref="i38"/></URDFElement></ChildElements><ElementName>link</ElementName><required>true</required><Children><Link z:Id="i68"><Attributes><Attribute z:Id="i69"><AttributeType>name</AttributeType><IsRequired>true</IsRequired><Value i:type="a:string" xmlns:a="http://www.w3.org/2001/XMLSchema">reaction_wheel</Value></Attribute></Attributes><ChildElements><URDFElement z:Id="i70" i:type="Inertial"><Attributes/><ChildElements><URDFElement z:Id="i71" i:type="Origin"><Attributes><Attribute z:Id="i72"><AttributeType>xyz</AttributeType><IsRequired>true</IsRequired><Value i:type="a:ArrayOfdouble" xmlns:a="http://schemas.microsoft.com/2003/10/Serialization/Arrays"><a:double>0.05151450978089718</a:double><a:double>0.01963070908095876</a:double><a:double>0.060458527724778527</a:double></Value></Attribute><Attribute z:Id="i73"><AttributeType>rpy</AttributeType><IsRequired>true</IsRequired><Value i:type="a:ArrayOfdouble" xmlns:a="http://schemas.microsoft.com/2003/10/Serialization/Arrays"><a:double>0</a:double><a:double>0</a:double><a:double>0</a:double></Value></Attribute></Attributes><ChildElements/><ElementName>origin</ElementName><required>false</required><RPYAttribute z:Ref="i73"/><XYZAttribute z:Ref="i72"/><isCustomized>false</isCustomized></URDFElement><URDFElement z:Id="i74" i:type="Mass"><Attributes><Attribute z:Id="i75"><AttributeType>value</AttributeType><IsRequired>true</IsRequired><Value i:type="a:double" xmlns:a="http://www.w3.org/2001/XMLSchema">0.058142791782284112</Value></Attribute></Attributes><ChildElements/><ElementName>mass</ElementName><required>false</required><ValueAttribute z:Ref="i75"/></URDFElement><URDFElement z:Id="i76" i:type="Inertia"><Attributes><Attribute z:Id="i77"><AttributeType>ixx</AttributeType><IsRequired>true</IsRequired><Value i:type="a:double" xmlns:a="http://www.w3.org/2001/XMLSchema">1.3155680506892966E-05</Value></Attribute><Attribute z:Id="i78"><AttributeType>ixy</AttributeType><IsRequired>true</IsRequired><Value i:type="a:double" xmlns:a="http://www.w3.org/2001/XMLSchema">-1.2405872715903626E-07</Value></Attribute><Attribute z:Id="i79"><AttributeType>ixz</AttributeType><IsRequired>true</IsRequired><Value i:type="a:double" xmlns:a="http://www.w3.org/2001/XMLSchema">4.18164710582313E-08</Value></Attribute><Attribute z:Id="i80"><AttributeType>iyy</AttributeType><IsRequired>true</IsRequired><Value i:type="a:double" xmlns:a="http://www.w3.org/2001/XMLSchema">1.2980873166522352E-05</Value></Attribute><Attribute z:Id="i81"><AttributeType>iyz</AttributeType><IsRequired>true</IsRequired><Value i:type="a:double" xmlns:a="http://www.w3.org/2001/XMLSchema">7.2519631728223489E-08</Value></Attribute><Attribute z:Id="i82"><AttributeType>izz</AttributeType><IsRequired>true</IsRequired><Value i:type="a:double" xmlns:a="http://www.w3.org/2001/XMLSchema">1.5355923341362595E-05</Value></Attribute></Attributes><ChildElements/><ElementName>inertia</ElementName><required>false</required><IxxAttribute z:Ref="i77"/><IxyAttribute z:Ref="i78"/><IxzAttribute z:Ref="i79"/><IyyAttribute z:Ref="i80"/><IyzAttribute z:Ref="i81"/><IzzAttribute z:Ref="i82"/></URDFElement></ChildElements><ElementName>inertial</ElementName><required>false</required><Inertia z:Ref="i76"/><Mass z:Ref="i74"/><Origin z:Ref="i71"/></URDFElement><URDFElement z:Id="i83" i:type="Visual"><Attributes/><ChildElements><URDFElement z:Id="i84" i:type="Origin"><Attributes><Attribute z:Id="i85"><AttributeType>xyz</AttributeType><IsRequired>true</IsRequired><Value i:type="a:ArrayOfdouble" xmlns:a="http://schemas.microsoft.com/2003/10/Serialization/Arrays"><a:double>0</a:double><a:double>0</a:double><a:double>0</a:double></Value></Attribute><Attribute z:Id="i86"><AttributeType>rpy</AttributeType><IsRequired>true</IsRequired><Value i:type="a:ArrayOfdouble" xmlns:a="http://schemas.microsoft.com/2003/10/Serialization/Arrays"><a:double>0</a:double><a:double>0</a:double><a:double>0</a:double></Value></Attribute></Attributes><ChildElements/><ElementName>origin</ElementName><required>false</required><RPYAttribute z:Ref="i86"/><XYZAttribute z:Ref="i85"/><isCustomized>false</isCustomized></URDFElement><URDFElement z:Id="i87" i:type="Geometry"><Attributes/><ChildElements><URDFElement z:Id="i88" i:type="Mesh"><Attributes><Attribute z:Id="i89"><AttributeType>filename</AttributeType><IsRequired>true</IsRequired><Value i:nil="true"/></Attribute></Attributes><ChildElements/><ElementName>mesh</ElementName><required>false</required><FilenameAttribute z:Ref="i89"/></URDFElement></ChildElements><ElementName>geometry</ElementName><required>true</required><Mesh z:Ref="i88"/></URDFElement><URDFElement z:Id="i90" i:type="Material"><Attributes><Attribute z:Id="i91"><AttributeType>name</AttributeType><IsRequired>true</IsRequired><Value i:type="a:string" xmlns:a="http://www.w3.org/2001/XMLSchema"/></Attribute></Attributes><ChildElements><URDFElement z:Id="i92" i:type="Color"><Attributes><Attribute z:Id="i93"><AttributeType>rgba</AttributeType><IsRequired>true</IsRequired><Value i:type="a:ArrayOfdouble" xmlns:a="http://schemas.microsoft.com/2003/10/Serialization/Arrays"><a:double>0.75294117647058822</a:double><a:double>0.75294117647058822</a:double><a:double>0.75294117647058822</a:double><a:double>1</a:double></Value></Attribute></Attributes><ChildElements/><ElementName>color</ElementName><required>false</required><RGBAAttribute z:Ref="i93"/></URDFElement><URDFElement z:Id="i94" i:type="Texture"><Attributes><Attribute z:Id="i95"><AttributeType>filename</AttributeType><IsRequired>true</IsRequired><Value i:nil="true"/></Attribute></Attributes><ChildElements/><ElementName>texture</ElementName><required>false</required><FilenameAttribute z:Ref="i95"/><wFilename/></URDFElement></ChildElements><ElementName>material</ElementName><required>false</required><Color z:Ref="i92"/><NameAttribute z:Ref="i91"/><Texture z:Ref="i94"/></URDFElement></ChildElements><ElementName>visual</ElementName><required>false</required><Geometry z:Ref="i87"/><Material z:Ref="i90"/><Origin z:Ref="i84"/></URDFElement><URDFElement z:Id="i96" i:type="Collision"><Attributes/><ChildElements><URDFElement z:Id="i97" i:type="Origin"><Attributes><Attribute z:Id="i98"><AttributeType>xyz</AttributeType><IsRequired>true</IsRequired><Value i:type="a:ArrayOfdouble" xmlns:a="http://schemas.microsoft.com/2003/10/Serialization/Arrays"><a:double>0</a:double><a:double>0</a:double><a:double>0</a:double></Value></Attribute><Attribute z:Id="i99"><AttributeType>rpy</AttributeType><IsRequired>true</IsRequired><Value i:type="a:ArrayOfdouble" xmlns:a="http://schemas.microsoft.com/2003/10/Serialization/Arrays"><a:double>0</a:double><a:double>0</a:double><a:double>0</a:double></Value></Attribute></Attributes><ChildElements/><ElementName>origin</ElementName><required>false</required><RPYAttribute z:Ref="i99"/><XYZAttribute z:Ref="i98"/><isCustomized>false</isCustomized></URDFElement><URDFElement z:Id="i100" i:type="Geometry"><Attributes/><ChildElements><URDFElement z:Id="i101" i:type="Mesh"><Attributes><Attribute z:Id="i102"><AttributeType>filename</AttributeType><IsRequired>true</IsRequired><Value i:nil="true"/></Attribute></Attributes><ChildElements/><ElementName>mesh</ElementName><required>false</required><FilenameAttribute z:Ref="i102"/></URDFElement></ChildElements><ElementName>geometry</ElementName><required>true</required><Mesh z:Ref="i101"/></URDFElement></ChildElements><ElementName>collision</ElementName><required>false</required><Geometry z:Ref="i100"/><Origin z:Ref="i97"/></URDFElement><URDFElement z:Id="i103" i:type="Joint"><Attributes><Attribute z:Id="i104"><AttributeType>name</AttributeType><IsRequired>true</IsRequired><Value i:type="a:string" xmlns:a="http://www.w3.org/2001/XMLSchema">reaction_wheel_joint</Value></Attribute><Attribute z:Id="i105"><AttributeType>type</AttributeType><IsRequired>true</IsRequired><Value i:type="a:string" xmlns:a="http://www.w3.org/2001/XMLSchema">revolute</Value></Attribute></Attributes><ChildElements><URDFElement z:Id="i106" i:type="Origin"><Attributes><Attribute z:Id="i107"><AttributeType>xyz</AttributeType><IsRequired>true</IsRequired><Value i:type="a:ArrayOfdouble" xmlns:a="http://schemas.microsoft.com/2003/10/Serialization/Arrays"><a:double>0</a:double><a:double>0</a:double><a:double>0</a:double></Value></Attribute><Attribute z:Id="i108"><AttributeType>rpy</AttributeType><IsRequired>true</IsRequired><Value i:type="a:ArrayOfdouble" xmlns:a="http://schemas.microsoft.com/2003/10/Serialization/Arrays"><a:double>-1.5708</a:double><a:double>0</a:double><a:double>0</a:double></Value></Attribute></Attributes><ChildElements/><ElementName>origin</ElementName><required>false</required><RPYAttribute z:Ref="i108"/><XYZAttribute z:Ref="i107"/><isCustomized>false</isCustomized></URDFElement><URDFElement z:Id="i109" i:type="ParentLink"><Attributes><Attribute z:Id="i110"><AttributeType>link</AttributeType><IsRequired>true</IsRequired><Value i:type="a:string" xmlns:a="http://www.w3.org/2001/XMLSchema">base_link</Value></Attribute></Attributes><ChildElements/><ElementName>parent</ElementName><required>true</required><NameAttribute z:Ref="i110"/></URDFElement><URDFElement z:Id="i111" i:type="ChildLink"><Attributes><Attribute z:Id="i112"><AttributeType>link</AttributeType><IsRequired>true</IsRequired><Value i:type="a:string" xmlns:a="http://www.w3.org/2001/XMLSchema">reaction_wheel</Value></Attribute></Attributes><ChildElements/><ElementName>child</ElementName><required>true</required><NameAttribute z:Ref="i112"/></URDFElement><URDFElement z:Id="i113" i:type="Axis"><Attributes><Attribute z:Id="i114"><AttributeType>xyz</AttributeType><IsRequired>true</IsRequired><Value i:type="a:ArrayOfdouble" xmlns:a="http://schemas.microsoft.com/2003/10/Serialization/Arrays"><a:double>0</a:double><a:double>0</a:double><a:double>0</a:double></Value></Attribute></Attributes><ChildElements/><ElementName>axis</ElementName><required>false</required><XYZAttribute z:Ref="i114"/></URDFElement><URDFElement z:Id="i115" i:type="Limit"><Attributes><Attribute z:Id="i116"><AttributeType>lower</AttributeType><IsRequired>true</IsRequired><Value i:type="a:double" xmlns:a="http://www.w3.org/2001/XMLSchema">0</Value></Attribute><Attribute z:Id="i117"><AttributeType>upper</AttributeType><IsRequired>true</IsRequired><Value i:type="a:double" xmlns:a="http://www.w3.org/2001/XMLSchema">0</Value></Attribute><Attribute z:Id="i118"><AttributeType>effort</AttributeType><IsRequired>true</IsRequired><Value i:type="a:double" xmlns:a="http://www.w3.org/2001/XMLSchema">0</Value></Attribute><Attribute z:Id="i119"><AttributeType>velocity</AttributeType><IsRequired>true</IsRequired><Value i:type="a:double" xmlns:a="http://www.w3.org/2001/XMLSchema">0</Value></Attribute></Attributes><ChildElements/><ElementName>limit</ElementName><required>true</required><EffortAttribute z:Ref="i118"/><LowerAttribute z:Ref="i116"/><UpperAttribute z:Ref="i117"/><VelocityAttribute z:Ref="i119"/></URDFElement><URDFElement z:Id="i120" i:type="Calibration"><Attributes><Attribute z:Id="i121"><AttributeType>rising</AttributeType><IsRequired>false</IsRequired><Value i:nil="true"/></Attribute><Attribute z:Id="i122"><AttributeType>falling</AttributeType><IsRequired>false</IsRequired><Value i:nil="true"/></Attribute></Attributes><ChildElements/><ElementName>calibration</ElementName><required>false</required><FallingAttribute z:Ref="i122"/><RisingAttribute z:Ref="i121"/></URDFElement><URDFElement z:Id="i123" i:type="Dynamics"><Attributes><Attribute z:Id="i124"><AttributeType>damping</AttributeType><IsRequired>false</IsRequired><Value i:nil="true"/></Attribute><Attribute z:Id="i125"><AttributeType>friction</AttributeType><IsRequired>false</IsRequired><Value i:nil="true"/></Attribute></Attributes><ChildElements/><ElementName>dynamics</ElementName><required>false</required><DampingAttribute z:Ref="i124"/><FrictionAttribute z:Ref="i125"/></URDFElement><URDFElement z:Id="i126" i:type="SafetyController"><Attributes><Attribute z:Id="i127"><AttributeType>soft_upper_limit</AttributeType><IsRequired>false</IsRequired><Value i:nil="true"/></Attribute><Attribute z:Id="i128"><AttributeType>soft_lower_limit</AttributeType><IsRequired>false</IsRequired><Value i:nil="true"/></Attribute><Attribute z:Id="i129"><AttributeType>k_position</AttributeType><IsRequired>false</IsRequired><Value i:nil="true"/></Attribute><Attribute z:Id="i130"><AttributeType>k_velocity</AttributeType><IsRequired>true</IsRequired><Value i:nil="true"/></Attribute></Attributes><ChildElements/><ElementName>safety_controller</ElementName><required>false</required><KPositionAttribute z:Ref="i129"/><KVelocityAttribute z:Ref="i130"/><SoftLowerAttribute z:Ref="i128"/><SoftUpperAttribute z:Ref="i127"/></URDFElement><URDFElement z:Id="i131" i:type="Mimic"><Attributes><Attribute z:Id="i132"><AttributeType>joint</AttributeType><IsRequired>true</IsRequired><Value i:nil="true"/></Attribute><Attribute z:Id="i133"><AttributeType>multiplier</AttributeType><IsRequired>false</IsRequired><Value i:nil="true"/></Attribute><Attribute z:Id="i134"><AttributeType>offset</AttributeType><IsRequired>false</IsRequired><Value i:nil="true"/></Attribute></Attributes><ChildElements/><ElementName>mimic</ElementName><required>false</required><JointNameAttribute z:Ref="i132"/><MultiplierAttribute z:Ref="i133"/><OffsetAttribute z:Ref="i134"/></URDFElement></ChildElements><ElementName>joint</ElementName><required>false</required><Axis z:Ref="i113"/><AxisName/><Calibration z:Ref="i120"/><Child z:Ref="i111"/><CoordinateSystemName>Origin_reaction_wheel_joint</CoordinateSystemName><Dynamics z:Ref="i123"/><Limit z:Ref="i115"/><Mimic z:Ref="i131"/><NameAttribute z:Ref="i104"/><Origin z:Ref="i106"/><Parent z:Ref="i109"/><Safety z:Ref="i126"/><TypeAttribute z:Ref="i105"/></URDFElement></ChildElements><ElementName>link</ElementName><required>true</required><Children/><Collision z:Ref="i96"/><Inertial z:Ref="i70"/><Joint z:Ref="i103"/><NameAttribute z:Ref="i69"/><Parent z:Ref="i1"/><STLQualityFine>false</STLQualityFine><SWComponentPIDs xmlns:a="http://schemas.microsoft.com/2003/10/Serialization/Arrays"><a:base64Binary>UEYAAAUAAAD//v8axH7FiDAAMQAtAE4ASQBEAEUAQwArADYAMQBtAG0A3phujy0AMQBAAMWITZFTTyAAdgAxAAQAAAAQAAAAAQAAAAEAAAAYAAAA</a:base64Binary></SWComponentPIDs><SWMainComponentPID i:nil="true"/><Visual z:Ref="i83"/><isFixedFrame>false</isFixedFrame><isIncomplete>false</isIncomplete></Link></Children><Collision z:Ref="i29"/><Inertial z:Ref="i3"/><Joint z:Ref="i36"/><NameAttribute z:Ref="i2"/><Parent i:nil="true"/><STLQualityFine>false</STLQualityFine><SWComponentPIDs xmlns:a="http://schemas.microsoft.com/2003/10/Serialization/Arrays"><a:base64Binary>UEYAAAUAAAD//v8cYwBsAGEAcwBzAF8AYwB1AGIAbABpAF8AVgAyAC4ANwAuADEAMwAtADEAQADFiE2RU08gAHYAMQAEAAAAEAAAAAEAAAABAAAAGQAAAA==</a:base64Binary><a:base64Binary>UEYAAAUAAAD//v8NY2tilztOU08tADEAQADFiE2RU08gAHYAMQAEAAAAEAAAAAEAAAABAAAAGgAAAA==</a:base64Binary><a:base64Binary>UEYAAAUAAAD//v8NNXU6Zy9ltmctADEAQADFiE2RU08gAHYAMQAEAAAAEAAAAAEAAAABAAAAGwAAAA==</a:base64Binary><a:base64Binary>UEYAAAUAAAD//v8NzIBilztOU08tADEAQADFiE2RU08gAHYAMQAEAAAAEAAAAAEAAAABAAAAHAAAAA==</a:base64Binary><a:base64Binary>UEYAAAUAAAD//v8QMwAuADcAVgAClTV1YGwtADEAQADFiE2RU08gAHYAMQAEAAAAEAAAAAEAAAABAAAAHQAAAA==</a:base64Binary></SWComponentPIDs><SWMainComponentPID i:nil="true"/><Visual z:Ref="i16"/><isFixedFrame>false</isFixedFrame><isIncomplete>false</isIncomplete></Link>
2025-07-14 18:11:49,961 INFO  AssemblyExportForm.cs: 309 - Saving URDF package to C:\Users\Himanshu Paudel\Desktop\triangle
2025-07-14 18:11:49,965 INFO  ExportHelper.cs: 147 - Beginning the export process
2025-07-14 18:11:49,967 INFO  ExportHelper.cs: 153 - Creating package directories with name triangle and save path C:\Users\Himanshu Paudel\Desktop
2025-07-14 18:11:54,137 INFO  ExportHelper.cs: 162 - Creating CMakeLists.txt at C:\Users\Himanshu Paudel\Desktop\triangle\CMakeLists.txt
2025-07-14 18:11:54,139 INFO  ExportHelper.cs: 166 - Creating joint names config at C:\Users\Himanshu Paudel\Desktop\triangle\config\joint_names_triangle.yaml
2025-07-14 18:11:54,140 INFO  ExportHelper.cs: 170 - Creating package.xml at C:\Users\Himanshu Paudel\Desktop\triangle\package.xml
2025-07-14 18:11:54,145 INFO  PackageXMLWriter.cs: 21 - Creating package.xml at C:\Users\Himanshu Paudel\Desktop\triangle\package.xml
2025-07-14 18:11:54,150 INFO  ExportHelper.cs: 177 - Creating RVIZ launch file in C:\Users\Himanshu Paudel\Desktop\triangle\launch\
2025-07-14 18:11:54,154 INFO  ExportHelper.cs: 182 - Creating Gazebo launch file in C:\Users\Himanshu Paudel\Desktop\triangle\launch\
2025-07-14 18:11:54,157 INFO  ExportHelper.cs: 187 - Saving existing STL preferences
2025-07-14 18:11:54,159 INFO  ExportHelper.cs: 450 - Saving users preferences
2025-07-14 18:11:54,163 INFO  ExportHelper.cs: 190 - Modifying STL preferences
2025-07-14 18:11:54,164 INFO  ExportHelper.cs: 464 - Setting STL preferences
2025-07-14 18:11:54,180 INFO  ExportHelper.cs: 196 - Found 0 hidden components 
2025-07-14 18:11:54,181 INFO  ExportHelper.cs: 197 - Hiding all components
2025-07-14 18:11:54,602 INFO  ExportHelper.cs: 204 - Beginning individual files export
2025-07-14 18:11:54,607 INFO  ExportHelper.cs: 270 - Exporting link: base_link
2025-07-14 18:11:54,607 INFO  ExportHelper.cs: 272 - Link base_link has 1 children
2025-07-14 18:11:54,609 INFO  ExportHelper.cs: 270 - Exporting link: reaction_wheel
2025-07-14 18:11:54,609 INFO  ExportHelper.cs: 272 - Link reaction_wheel has 0 children
2025-07-14 18:11:54,610 INFO  ExportHelper.cs: 317 - reaction_wheel: Exporting STL with coordinate frame Origin_reaction_wheel_joint
2025-07-14 18:11:54,611 INFO  ExportHelper.cs: 322 - reaction_wheel: Reference geometry name 
2025-07-14 18:11:54,714 INFO  ExportHelper.cs: 330 - Saving STL to C:\Users\Himanshu Paudel\Desktop\triangle\meshes\reaction_wheel.STL
2025-07-14 18:11:55,091 INFO  ExportHelper.cs: 405 - Removing SW header in STL file
2025-07-14 18:11:55,092 INFO  ExportHelper.cs: 317 - base_link: Exporting STL with coordinate frame Origin_global
2025-07-14 18:11:55,093 INFO  ExportHelper.cs: 322 - base_link: Reference geometry name 
2025-07-14 18:11:55,289 INFO  ExportHelper.cs: 330 - Saving STL to C:\Users\Himanshu Paudel\Desktop\triangle\meshes\base_link.STL
2025-07-14 18:11:58,266 INFO  ExportHelper.cs: 405 - Removing SW header in STL file
2025-07-14 18:11:58,267 INFO  ExportHelper.cs: 145 - Showing all components except previously hidden components
2025-07-14 18:12:03,917 INFO  ExportHelper.cs: 145 - Resetting STL preferences
2025-07-14 18:12:03,920 INFO  ExportHelper.cs: 478 - Returning STL preferences to user preferences
2025-07-14 18:12:03,920 INFO  ExportHelper.cs: 228 - Writing URDF file to C:\Users\Himanshu Paudel\Desktop\triangle\urdf\triangle.urdf
2025-07-14 18:12:04,123 INFO  CSVImportExport.cs: 32 - Writing CSV file C:\Users\Himanshu Paudel\Desktop\triangle\urdf\triangle.csv
2025-07-14 18:12:04,157 ERROR CSVImportExport.cs: 130 - The following columns were not written to the CSV: Link.Joint.ChildLink.link,
2025-07-14 18:12:04,158 ERROR CSVImportExport.cs: 130 - The following columns were not written to the CSV: Link.Joint.ChildLink.link,
2025-07-14 18:12:04,158 INFO  ExportHelper.cs: 234 - Copying log file
2025-07-14 18:12:04,164 INFO  ExportHelper.cs: 439 - Copying C:\Users\Himanshu Paudel\sw2urdf_logs\sw2urdf.log to C:\Users\Himanshu Paudel\Desktop\triangle\export.log
